{
  "stats": {
    "suites": 5,
    "tests": 9,
    "passes": 9,
    "pending": 0,
    "failures": 0,
    "start": "2021-12-06T07:37:47.477Z",
    "end": "2021-12-06T07:37:50.317Z",
    "duration": 2840,
    "testsRegistered": 9,
    "passPercent": 100,
    "pendingPercent": 0,
    "other": 0,
    "hasOther": false,
    "skipped": 0,
    "hasSkipped": false
  },
  "results": [
    {
      "uuid": "26bd3578-62aa-444b-b9ed-c46f2096a195",
      "title": "",
      "fullFile": "cypress/integration/home.spec.js",
      "file": "cypress/integration/home.spec.js",
      "beforeHooks": [],
      "afterHooks": [],
      "tests": [],
      "suites": [
        {
          "uuid": "8f448659-c180-4332-8a6c-70a2b8f1cbcd",
          "title": "首页",
          "fullFile": "",
          "file": "",
          "beforeHooks": [],
          "afterHooks": [],
          "tests": [
            {
              "title": "默认显示首页",
              "fullTitle": "首页 默认显示首页",
              "timedOut": null,
              "duration": 1383,
              "state": "passed",
              "speed": "fast",
              "pass": true,
              "fail": false,
              "pending": false,
              "context": null,
              "code": "cy.visit('https://www.nancal.com');",
              "err": {},
              "uuid": "4cec4c74-cb25-4738-8a30-ebfcc2da2e8e",
              "parentUUID": "8f448659-c180-4332-8a6c-70a2b8f1cbcd",
              "isHook": false,
              "skipped": false
            }
          ],
          "suites": [
            {
              "uuid": "c6875f71-1bd7-44e6-822e-379d3fd07320",
              "title": "产品中心",
              "fullFile": "",
              "file": "",
              "beforeHooks": [],
              "afterHooks": [],
              "tests": [
                {
                  "title": "点击产品中心，跳转产品中心页面",
                  "fullTitle": "首页 产品中心 点击产品中心，跳转产品中心页面",
                  "timedOut": null,
                  "duration": 231,
                  "state": "passed",
                  "speed": "fast",
                  "pass": true,
                  "fail": false,
                  "pending": false,
                  "context": null,
                  "code": "cy.get('.home-model').contains('产品中心').click();\ncy.get('.el-breadcrumb .el-breadcrumb__item').last().find('.el-breadcrumb__inner').should('have.text', '产品中心');",
                  "err": {},
                  "uuid": "9b51ee4a-653b-430a-b549-3d6ca35da0a2",
                  "parentUUID": "c6875f71-1bd7-44e6-822e-379d3fd07320",
                  "isHook": false,
                  "skipped": false
                },
                {
                  "title": "点击面包屑首页，返回首页",
                  "fullTitle": "首页 产品中心 点击面包屑首页，返回首页",
                  "timedOut": null,
                  "duration": 159,
                  "state": "passed",
                  "speed": "fast",
                  "pass": true,
                  "fail": false,
                  "pending": false,
                  "context": null,
                  "code": "cy.get('.el-breadcrumb .el-breadcrumb__item').contains('首页').click();",
                  "err": {},
                  "uuid": "746c7040-2a28-44d5-80fe-49419243af43",
                  "parentUUID": "c6875f71-1bd7-44e6-822e-379d3fd07320",
                  "isHook": false,
                  "skipped": false
                }
              ],
              "suites": [],
              "passes": [
                "9b51ee4a-653b-430a-b549-3d6ca35da0a2",
                "746c7040-2a28-44d5-80fe-49419243af43"
              ],
              "failures": [],
              "pending": [],
              "skipped": [],
              "duration": 390,
              "root": false,
              "rootEmpty": false,
              "_timeout": 2000
            },
            {
              "uuid": "8fd51b8c-b403-4742-bbdf-fc8ff37ebe93",
              "title": "解决方案",
              "fullFile": "",
              "file": "",
              "beforeHooks": [],
              "afterHooks": [],
              "tests": [
                {
                  "title": "点击解决方案，跳转解决方案页面",
                  "fullTitle": "首页 解决方案 点击解决方案，跳转解决方案页面",
                  "timedOut": null,
                  "duration": 187,
                  "state": "passed",
                  "speed": "fast",
                  "pass": true,
                  "fail": false,
                  "pending": false,
                  "context": null,
                  "code": "cy.get('.home-model').contains(\"解决方案\").click();\ncy.get('.el-breadcrumb .el-breadcrumb__item').last().find('.el-breadcrumb__inner').should('have.text', \"解决方案\");",
                  "err": {},
                  "uuid": "ea978bb3-6ad3-4b6f-a4fb-b4d069b2f9da",
                  "parentUUID": "8fd51b8c-b403-4742-bbdf-fc8ff37ebe93",
                  "isHook": false,
                  "skipped": false
                },
                {
                  "title": "点击面包屑首页，返回首页",
                  "fullTitle": "首页 解决方案 点击面包屑首页，返回首页",
                  "timedOut": null,
                  "duration": 136,
                  "state": "passed",
                  "speed": "fast",
                  "pass": true,
                  "fail": false,
                  "pending": false,
                  "context": null,
                  "code": "cy.get('.el-breadcrumb .el-breadcrumb__item').contains(\"首页\").click();",
                  "err": {},
                  "uuid": "a3e8fe58-fbe2-41a9-89c7-811bc596784f",
                  "parentUUID": "8fd51b8c-b403-4742-bbdf-fc8ff37ebe93",
                  "isHook": false,
                  "skipped": false
                }
              ],
              "suites": [],
              "passes": [
                "ea978bb3-6ad3-4b6f-a4fb-b4d069b2f9da",
                "a3e8fe58-fbe2-41a9-89c7-811bc596784f"
              ],
              "failures": [],
              "pending": [],
              "skipped": [],
              "duration": 323,
              "root": false,
              "rootEmpty": false,
              "_timeout": 2000
            },
            {
              "uuid": "5b7c5258-52c6-4249-9d90-c3eb1f401479",
              "title": "NEWS",
              "fullFile": "",
              "file": "",
              "beforeHooks": [],
              "afterHooks": [],
              "tests": [
                {
                  "title": "点击more，跳转新闻中心页面",
                  "fullTitle": "首页 NEWS 点击more，跳转新闻中心页面",
                  "timedOut": null,
                  "duration": 252,
                  "state": "passed",
                  "speed": "fast",
                  "pass": true,
                  "fail": false,
                  "pending": false,
                  "context": null,
                  "code": "cy.get('.home-news-head').contains('More').click();\ncy.get('.news-search input').should('be.exist');",
                  "err": {},
                  "uuid": "2a9b103f-d696-4d8a-b43a-afa988a7aa85",
                  "parentUUID": "5b7c5258-52c6-4249-9d90-c3eb1f401479",
                  "isHook": false,
                  "skipped": false
                },
                {
                  "title": "点击菜单导航首页，返回首页",
                  "fullTitle": "首页 NEWS 点击菜单导航首页，返回首页",
                  "timedOut": null,
                  "duration": 217,
                  "state": "passed",
                  "speed": "fast",
                  "pass": true,
                  "fail": false,
                  "pending": false,
                  "context": null,
                  "code": "cy.get('.layout-header ul li').contains('首页').click();",
                  "err": {},
                  "uuid": "d415a407-e148-4ac3-b4fc-6cd1f3ef71c9",
                  "parentUUID": "5b7c5258-52c6-4249-9d90-c3eb1f401479",
                  "isHook": false,
                  "skipped": false
                },
                {
                  "title": "验证news有内容存在",
                  "fullTitle": "首页 NEWS 验证news有内容存在",
                  "timedOut": null,
                  "duration": 61,
                  "state": "passed",
                  "speed": "fast",
                  "pass": true,
                  "fail": false,
                  "pending": false,
                  "context": null,
                  "code": "cy.get('.news-list .home-news-img').should('be.exist');",
                  "err": {},
                  "uuid": "8ce8d434-1672-4201-8f8d-bc35e8a4dece",
                  "parentUUID": "5b7c5258-52c6-4249-9d90-c3eb1f401479",
                  "isHook": false,
                  "skipped": false
                }
              ],
              "suites": [],
              "passes": [
                "2a9b103f-d696-4d8a-b43a-afa988a7aa85",
                "d415a407-e148-4ac3-b4fc-6cd1f3ef71c9",
                "8ce8d434-1672-4201-8f8d-bc35e8a4dece"
              ],
              "failures": [],
              "pending": [],
              "skipped": [],
              "duration": 530,
              "root": false,
              "rootEmpty": false,
              "_timeout": 2000
            },
            {
              "uuid": "fc1784c6-8a62-4eb4-9a85-70adb2871385",
              "title": "合作伙伴",
              "fullFile": "",
              "file": "",
              "beforeHooks": [],
              "afterHooks": [],
              "tests": [
                {
                  "title": "合作伙伴有内容存在",
                  "fullTitle": "首页 合作伙伴 合作伙伴有内容存在",
                  "timedOut": null,
                  "duration": 141,
                  "state": "passed",
                  "speed": "fast",
                  "pass": true,
                  "fail": false,
                  "pending": false,
                  "context": null,
                  "code": "cy.get('.partner-list ol li img').should('be.exist');",
                  "err": {},
                  "uuid": "9b230c95-50b1-409e-92a2-89b29e69929e",
                  "parentUUID": "fc1784c6-8a62-4eb4-9a85-70adb2871385",
                  "isHook": false,
                  "skipped": false
                }
              ],
              "suites": [],
              "passes": [
                "9b230c95-50b1-409e-92a2-89b29e69929e"
              ],
              "failures": [],
              "pending": [],
              "skipped": [],
              "duration": 141,
              "root": false,
              "rootEmpty": false,
              "_timeout": 2000
            }
          ],
          "passes": [
            "4cec4c74-cb25-4738-8a30-ebfcc2da2e8e"
          ],
          "failures": [],
          "pending": [],
          "skipped": [],
          "duration": 1383,
          "root": false,
          "rootEmpty": false,
          "_timeout": 2000
        }
      ],
      "passes": [],
      "failures": [],
      "pending": [],
      "skipped": [],
      "duration": 0,
      "root": true,
      "rootEmpty": true,
      "_timeout": 2000
    }
  ],
  "meta": {
    "mocha": {
      "version": "7.0.1"
    },
    "mochawesome": {
      "options": {
        "quiet": false,
        "reportFilename": "mochawesome",
        "saveHtml": true,
        "saveJson": true,
        "consoleReporter": "spec",
        "useInlineDiffs": false,
        "code": true
      },
      "version": "7.0.1"
    },
    "marge": {
      "options": null,
      "version": "6.0.1"
    }
  }
}